3
AplusB
./data/AplusB/
20000
1
10
10
./data/AplusB/0.in
./data/AplusB/0.out
./data/AplusB/1.in
./data/AplusB/1.out
./data/AplusB/2.in
./data/AplusB/2.out
./data/AplusB/3.in
./data/AplusB/3.out
./data/AplusB/4.in
./data/AplusB/4.out
./data/AplusB/5.in
./data/AplusB/5.out
./data/AplusB/6.in
./data/AplusB/6.out
./data/AplusB/7.in
./data/AplusB/7.out
./data/AplusB/8.in
./data/AplusB/8.out
./data/AplusB/9.in
./data/AplusB/9.out
BplusA
./data/BplusA/
20000
1
10
10
./data/BplusA/0.in
./data/BplusA/0.out
./data/BplusA/1.in
./data/BplusA/1.out
./data/BplusA/2.in
./data/BplusA/2.out
./data/BplusA/3.in
./data/BplusA/3.out
./data/BplusA/4.in
./data/BplusA/4.out
./data/BplusA/5.in
./data/BplusA/5.out
./data/BplusA/6.in
./data/BplusA/6.out
./data/BplusA/7.in
./data/BplusA/7.out
./data/BplusA/8.in
./data/BplusA/8.out
./data/BplusA/9.in
./data/BplusA/9.out
SPJtest
./data/,SPJ/
128000
1
10
5
./data/,SPJ/1.in
./data/,SPJ/1.out
./data/,SPJ/2.in
./data/,SPJ/2.out
./data/,SPJ/3.in
./data/,SPJ/3.out
./data/,SPJ/4.in
./data/,SPJ/4.out
./data/,SPJ/5.in
./data/,SPJ/5.out
8
Mogician
./source/Mogician/
0
3
0
1
0.002207
312
\
10
0
1
0.001829
312
\
0
1
0.001576
312
\
0
1
0.001048
312
\
0
1
0.000906
312
\
0
1
0.002091
312
\
0
1
0.001118
312
\
0
1
0.001045
312
\
0
1
0.002076
312
\
0
1
0.001071
312
\
0
1
0.002207
312
\
0
1
0.001772
312
\
10
0
1
0.001772
312
\
0
1
0.001158
312
\
0
1
0.001142
312
\
0
1
0.001071
312
\
0
1
0.001434
312
\
0
1
0.000893
312
\
0
1
0.001528
312
\
0
1
0.00098
312
\
0
1
0.001069
312
\
0
1
0.001171
312
\
0
1
0.001514
300
\
5
0
1
0.001514
300
Read 7, but 6 is expected\
0
1
0.000702
300
Read 7, but 6 is expected\
0
1
0.001261
300
Read 7, but 6 is expected\
0
1
0.000767
300
Read 7, but 6 is expected\
0
1
0.001195
300
Read 7, but 6 is expected\
ACer
./source/ACer/
250
3
100
0
0.001575
312
\
10
10
0
0.001575
312
\
10
0
0.000717
312
\
10
0
0.00075
312
\
10
0
0.001067
312
\
10
0
0.001061
312
\
10
0
0.001356
312
\
10
0
0.001062
312
\
10
0
0.001325
312
\
10
0
0.001001
312
\
10
0
0.001117
312
\
100
0
0.001449
312
\
10
10
0
0.000863
312
\
10
0
0.000978
312
\
10
0
0.00078
312
\
10
0
0.000752
312
\
10
0
0.000973
312
\
10
0
0.000689
312
\
10
0
0.001305
312
\
10
0
0.001449
312
\
10
0
0.000975
312
\
10
0
0.000923
312
\
50
0
0.001276
300
\
5
10
0
0.000813
300
又强又劲！\
10
0
0.000866
300
又强又劲！\
10
0
0.000845
300
又强又劲！\
10
0
0.001113
300
又强又劲！\
10
0
0.001276
300
又强又劲！\
Pascal
./source/Pascal/
100
3
0
2
0
0
\
10
0
2
0
0
\
0
2
0
0
\
0
2
0
0
\
0
2
0
0
\
0
2
0
0
\
0
2
0
0
\
0
2
0
0
\
0
2
0
0
\
0
2
0
0
\
0
2
0
0
\
100
0
0.001545
160
\
10
10
0
0.000521
160
\
10
0
0.000824
160
\
10
0
0.001545
160
\
10
0
0.000675
160
\
10
0
0.000708
160
\
10
0
0.000615
160
\
10
0
0.001188
160
\
10
0
0.00054
160
\
10
0
0.000602
160
\
10
0
0.000639
160
\
0
1
0.001008
160
\
5
0
1
0.000734
160
Read 2, but 6 is expected\
0
1
0.000518
160
Read 2, but 6 is expected\
0
1
0.001008
160
Read 2, but 6 is expected\
0
1
0.000591
160
Read 2, but 6 is expected\
0
1
0.000921
160
Read 2, but 6 is expected\
LGer
./source/LGer/
0
3
0
2
0
0
\
10
0
2
0
0
\
0
2
0
0
\
0
2
0
0
\
0
2
0
0
\
0
2
0
0
\
0
2
0
0
\
0
2
0
0
\
0
2
0
0
\
0
2
0
0
\
0
2
0
0
\
0
2
0
0
\
10
0
2
0
0
\
0
2
0
0
\
0
2
0
0
\
0
2
0
0
\
0
2
0
0
\
0
2
0
0
\
0
2
0
0
\
0
2
0
0
\
0
2
0
0
\
0
2
0
0
\
0
2
0
0
\
5
0
2
0
0
\
0
2
0
0
\
0
2
0
0
\
0
2
0
0
\
0
2
0
0
\
Mengbier
./source/Mengbier/
170
3
70
1
0.001747
312
\
10
10
0
0.000842
312
\
10
0
0.000785
312
\
10
0
0.001142
312
\
10
0
0.000898
312
\
0
1
0.000967
312
\
10
0
0.000814
312
\
0
1
0.0015
312
\
10
0
0.001747
312
\
0
1
0.00067
312
\
10
0
0.000905
312
\
50
1
0.001891
312
\
10
0
1
0.000891
312
\
0
1
0.000992
312
\
10
0
0.001484
312
\
10
0
0.000655
312
\
0
1
0.000877
312
\
0
1
0.000909
312
\
0
1
0.001284
312
\
10
0
0.001891
312
\
10
0
0.000759
312
\
10
0
0.000732
312
\
50
0
0.000958
300
\
5
10
0
0.000824
300
又强又劲！\
10
0
0.000653
300
又强又劲！\
10
0
0.000805
300
又强又劲！\
10
0
0.000958
300
又强又劲！\
10
0
0.000756
300
又强又劲！\
REer
./source/REer/
50
3
0
5
0.001811
312
\
10
0
5
0.001811
312
\
0
5
0.001206
312
\
0
5
0.000867
312
\
0
5
0.000717
312
\
0
5
0.000589
312
\
0
5
0.000639
312
\
0
5
0.000611
312
\
0
5
0.000649
312
\
0
5
0.001471
312
\
0
5
0.000703
312
\
0
5
0.001557
312
\
10
0
5
0.001557
312
\
0
5
0.001081
312
\
0
5
0.000947
312
\
0
5
0.000827
312
\
0
5
0.000797
312
\
0
5
0.000681
312
\
0
5
0.000765
312
\
0
5
0.000692
312
\
0
5
0.000695
312
\
0
5
0.000781
312
\
50
0
0.00122
300
\
5
10
0
0.000691
300
又强又劲！\
10
0
0.00122
300
又强又劲！\
10
0
0.000513
300
又强又劲！\
10
0
0.000737
300
又强又劲！\
10
0
0.000699
300
又强又劲！\
CEer
./source/CEer/
0
3
0
2
0
0
\
10
0
2
0
0
\
0
2
0
0
\
0
2
0
0
\
0
2
0
0
\
0
2
0
0
\
0
2
0
0
\
0
2
0
0
\
0
2
0
0
\
0
2
0
0
\
0
2
0
0
\
0
2
0
0
\
10
0
2
0
0
\
0
2
0
0
\
0
2
0
0
\
0
2
0
0
\
0
2
0
0
\
0
2
0
0
\
0
2
0
0
\
0
2
0
0
\
0
2
0
0
\
0
2
0
0
\
0
2
0
0
\
5
0
2
0
0
\
0
2
0
0
\
0
2
0
0
\
0
2
0
0
\
0
2
0
0
\
WAer
./source/WAer/
0
3
0
1
0.014096
6540
\
10
0
1
0.014096
6540
\
0
1
0.013556
6540
\
0
1
0.013579
6540
\
0
1
0.011965
6540
\
0
1
0.013145
6540
\
0
1
0.013033
6540
\
0
1
0.012138
6540
\
0
1
0.013973
6540
\
0
1
0.012447
6540
\
0
1
0.011277
6540
\
0
1
0.001779
312
\
10
0
1
0.000988
312
\
0
1
0.00078
312
\
0
1
0.001656
312
\
0
1
0.001779
312
\
0
1
0.000955
312
\
0
1
0.001114
312
\
0
1
0.001115
312
\
0
1
0.001401
312
\
0
1
0.001163
312
\
0
1
0.00145
312
\
0
1
0.001064
300
\
5
0
1
0.000915
300
Read 7, but 6 is expected\
0
1
0.000651
300
Read 7, but 6 is expected\
0
1
0.000695
300
Read 7, but 6 is expected\
0
1
0.001064
300
Read 7, but 6 is expected\
0
1
0.00068
300
Read 7, but 6 is expected\
